Sun, 05 Mar 2017 22:07:16 ReadCSVToDB.py[line:80] INFO /home/duanyuping/Files/input/currency/FXCM/USDJPY1440.csv文件共有512条数据，其中插入新数据511条。
Sun, 05 Mar 2017 22:07:16 UpData.py[line:222] INFO 记录最近的数据成功！
Sun, 05 Mar 2017 22:31:46 ReadCSVToDB.py[line:80] INFO /home/duanyuping/Files/input/currency/XM/GBPUSD1440.csv文件共有2058条数据，其中插入新数据2057条。
Sun, 05 Mar 2017 22:33:51 ReadCSVToDB.py[line:80] INFO /home/duanyuping/Files/input/currency/XM/EURGBP1440.csv文件共有2058条数据，其中插入新数据2057条。
Sun, 05 Mar 2017 22:35:54 ReadCSVToDB.py[line:80] INFO /home/duanyuping/Files/input/currency/XM/EURUSD1440.csv文件共有2066条数据，其中插入新数据2065条。
Sun, 05 Mar 2017 22:37:58 ReadCSVToDB.py[line:80] INFO /home/duanyuping/Files/input/currency/XM/EURJPY1440.csv文件共有2058条数据，其中插入新数据2057条。
Sun, 05 Mar 2017 22:40:03 ReadCSVToDB.py[line:80] INFO /home/duanyuping/Files/input/currency/XM/USDCHF1440.csv文件共有2058条数据，其中插入新数据2057条。
Sun, 05 Mar 2017 22:42:07 ReadCSVToDB.py[line:80] INFO /home/duanyuping/Files/input/currency/XM/USDJPY1440.csv文件共有2066条数据，其中插入新数据2065条。
Sun, 05 Mar 2017 22:44:11 ReadCSVToDB.py[line:80] INFO /home/duanyuping/Files/input/currency/XM/EURCAD1440.csv文件共有2058条数据，其中插入新数据2057条。
Sun, 05 Mar 2017 22:45:42 ReadCSVToDB.py[line:80] INFO /home/duanyuping/Files/input/currency/XM/USDCNH1440.csv文件共有1549条数据，其中插入新数据1548条。
Sun, 05 Mar 2017 22:47:46 ReadCSVToDB.py[line:80] INFO /home/duanyuping/Files/input/currency/XM/EURCHF1440.csv文件共有2058条数据，其中插入新数据2057条。
Sun, 05 Mar 2017 22:49:49 ReadCSVToDB.py[line:80] INFO /home/duanyuping/Files/input/currency/FXCM/GBPUSD1440.csv文件共有2052条数据，其中插入新数据2051条。
Sun, 05 Mar 2017 22:51:21 ReadCSVToDB.py[line:80] INFO /home/duanyuping/Files/input/currency/FXCM/EURJPY1440.csv文件共有1536条数据，其中插入新数据1535条。
Sun, 05 Mar 2017 22:51:21 ReadCSVToDB.py[line:80] INFO /home/duanyuping/Files/input/currency/FXCM/USDJPY1440.csv文件共有2052条数据，其中插入新数据4条。
Sun, 05 Mar 2017 22:53:22 ReadCSVToDB.py[line:80] INFO /home/duanyuping/Files/input/currency/FXCM/EURCHF1440.csv文件共有2052条数据，其中插入新数据2051条。
Sun, 05 Mar 2017 22:54:24 ReadCSVToDB.py[line:80] INFO /home/duanyuping/Files/input/currency/FXCM/EURCAD1440.csv文件共有1024条数据，其中插入新数据1023条。
Sun, 05 Mar 2017 22:56:25 ReadCSVToDB.py[line:80] INFO /home/duanyuping/Files/input/currency/FXCM/EURUSD1440.csv文件共有2053条数据，其中插入新数据2052条。
Sun, 05 Mar 2017 22:58:28 ReadCSVToDB.py[line:80] INFO /home/duanyuping/Files/input/currency/FXCM/USDCHF1440.csv文件共有2052条数据，其中插入新数据2051条。
Sun, 05 Mar 2017 23:00:33 ReadCSVToDB.py[line:80] INFO /home/duanyuping/Files/input/currency/FXCM/EURGBP1440.csv文件共有2052条数据，其中插入新数据2051条。
Sun, 05 Mar 2017 23:00:34 UpData.py[line:222] INFO 记录最近的数据成功！
Sun, 05 Mar 2017 23:07:47 ReadCSVToDB.py[line:80] INFO /home/duanyuping/Files/input/currency/FOREX/USDCHFpro1440.csv文件共有2053条数据，其中插入新数据2052条。
Sun, 05 Mar 2017 23:09:48 ReadCSVToDB.py[line:80] INFO /home/duanyuping/Files/input/currency/FOREX/USDJPYpro1440.csv文件共有2053条数据，其中插入新数据2052条。
Sun, 05 Mar 2017 23:11:51 ReadCSVToDB.py[line:80] INFO /home/duanyuping/Files/input/currency/FOREX/USDCNHpro1440.csv文件共有2053条数据，其中插入新数据2052条。
Sun, 05 Mar 2017 23:13:53 ReadCSVToDB.py[line:80] INFO /home/duanyuping/Files/input/currency/FOREX/EURGBPpro1440.csv文件共有2053条数据，其中插入新数据2052条。
Sun, 05 Mar 2017 23:15:54 ReadCSVToDB.py[line:80] INFO /home/duanyuping/Files/input/currency/FOREX/GBPUSDpro1440.csv文件共有2053条数据，其中插入新数据2052条。
Sun, 05 Mar 2017 23:17:56 ReadCSVToDB.py[line:80] INFO /home/duanyuping/Files/input/currency/FOREX/EURCHFpro1440.csv文件共有2053条数据，其中插入新数据2052条。
Sun, 05 Mar 2017 23:19:57 ReadCSVToDB.py[line:80] INFO /home/duanyuping/Files/input/currency/FOREX/EURUSDpro1440.csv文件共有2054条数据，其中插入新数据2053条。
Sun, 05 Mar 2017 23:21:59 ReadCSVToDB.py[line:80] INFO /home/duanyuping/Files/input/currency/FOREX/EURCADpro1440.csv文件共有2053条数据，其中插入新数据2052条。
Sun, 05 Mar 2017 23:24:02 ReadCSVToDB.py[line:80] INFO /home/duanyuping/Files/input/currency/FOREX/EURJPYpro1440.csv文件共有2053条数据，其中插入新数据2052条。
Sun, 05 Mar 2017 23:24:04 UpData.py[line:222] INFO 记录最近的数据成功！
Wed, 08 Mar 2017 20:50:49 ReadCSVToDB.py[line:80] INFO /home/duanyuping/Files/input/currency/XM/EURGBP1440.csv文件共有2061条数据，其中插入新数据3条。
Wed, 08 Mar 2017 20:50:50 ReadCSVToDB.py[line:80] INFO /home/duanyuping/Files/input/currency/XM/USDJPY1440.csv文件共有2067条数据，其中插入新数据1条。
Wed, 08 Mar 2017 20:50:50 ReadCSVToDB.py[line:80] INFO /home/duanyuping/Files/input/currency/XM/EURCAD1440.csv文件共有2059条数据，其中插入新数据1条。
Wed, 08 Mar 2017 20:50:51 ReadCSVToDB.py[line:80] INFO /home/duanyuping/Files/input/currency/XM/GBPUSD1440.csv文件共有2061条数据，其中插入新数据3条。
Wed, 08 Mar 2017 20:50:51 ReadCSVToDB.py[line:80] INFO /home/duanyuping/Files/input/currency/XM/USDCHF1440.csv文件共有2061条数据，其中插入新数据3条。
Wed, 08 Mar 2017 20:50:52 ReadCSVToDB.py[line:80] INFO /home/duanyuping/Files/input/currency/XM/EURUSD1440.csv文件共有2069条数据，其中插入新数据3条。
Wed, 08 Mar 2017 20:50:52 ReadCSVToDB.py[line:80] INFO /home/duanyuping/Files/input/currency/XM/EURCHF1440.csv文件共有2059条数据，其中插入新数据1条。
Wed, 08 Mar 2017 20:50:53 ReadCSVToDB.py[line:80] INFO /home/duanyuping/Files/input/currency/XM/USDCNH1440.csv文件共有1550条数据，其中插入新数据1条。
Wed, 08 Mar 2017 20:50:53 ReadCSVToDB.py[line:80] INFO /home/duanyuping/Files/input/currency/XM/EURJPY1440.csv文件共有2061条数据，其中插入新数据3条。
Wed, 08 Mar 2017 20:50:54 ReadCSVToDB.py[line:80] INFO /home/duanyuping/Files/input/currency/FXCM/EURJPY1440.csv文件共有2051条数据，其中插入新数据3条。
Wed, 08 Mar 2017 20:50:54 ReadCSVToDB.py[line:80] INFO /home/duanyuping/Files/input/currency/FXCM/EURUSD1440.csv文件共有2056条数据，其中插入新数据3条。
Wed, 08 Mar 2017 20:50:55 ReadCSVToDB.py[line:80] INFO /home/duanyuping/Files/input/currency/FXCM/EURCAD1440.csv文件共有2051条数据，其中插入新数据3条。
Wed, 08 Mar 2017 20:50:55 ReadCSVToDB.py[line:80] INFO /home/duanyuping/Files/input/currency/FXCM/USDJPY1440.csv文件共有2055条数据，其中插入新数据3条。
Wed, 08 Mar 2017 20:50:56 ReadCSVToDB.py[line:80] INFO /home/duanyuping/Files/input/currency/FXCM/GBPUSD1440.csv文件共有2055条数据，其中插入新数据3条。
Wed, 08 Mar 2017 20:50:56 ReadCSVToDB.py[line:80] INFO /home/duanyuping/Files/input/currency/FXCM/USDCHF1440.csv文件共有2055条数据，其中插入新数据3条。
Wed, 08 Mar 2017 20:50:57 ReadCSVToDB.py[line:80] INFO /home/duanyuping/Files/input/currency/FXCM/EURGBP1440.csv文件共有2055条数据，其中插入新数据3条。
Wed, 08 Mar 2017 20:50:57 ReadCSVToDB.py[line:80] INFO /home/duanyuping/Files/input/currency/FXCM/EURCHF1440.csv文件共有2055条数据，其中插入新数据3条。
Wed, 08 Mar 2017 20:50:58 ReadCSVToDB.py[line:80] INFO /home/duanyuping/Files/input/currency/FOREX/USDJPYpro1440.csv文件共有2056条数据，其中插入新数据3条。
Wed, 08 Mar 2017 20:50:58 ReadCSVToDB.py[line:80] INFO /home/duanyuping/Files/input/currency/FOREX/EURCHFpro1440.csv文件共有2056条数据，其中插入新数据3条。
Wed, 08 Mar 2017 20:50:59 ReadCSVToDB.py[line:80] INFO /home/duanyuping/Files/input/currency/FOREX/GBPUSDpro1440.csv文件共有2056条数据，其中插入新数据3条。
Wed, 08 Mar 2017 20:50:59 ReadCSVToDB.py[line:80] INFO /home/duanyuping/Files/input/currency/FOREX/EURUSDpro1440.csv文件共有2057条数据，其中插入新数据3条。
Wed, 08 Mar 2017 20:51:00 ReadCSVToDB.py[line:80] INFO /home/duanyuping/Files/input/currency/FOREX/EURJPYpro1440.csv文件共有2056条数据，其中插入新数据3条。
Wed, 08 Mar 2017 20:51:00 ReadCSVToDB.py[line:80] INFO /home/duanyuping/Files/input/currency/FOREX/USDCHFpro1440.csv文件共有2056条数据，其中插入新数据3条。
Wed, 08 Mar 2017 20:51:01 ReadCSVToDB.py[line:80] INFO /home/duanyuping/Files/input/currency/FOREX/EURGBPpro1440.csv文件共有2056条数据，其中插入新数据3条。
Wed, 08 Mar 2017 20:51:02 ReadCSVToDB.py[line:80] INFO /home/duanyuping/Files/input/currency/FOREX/EURCADpro1440.csv文件共有2056条数据，其中插入新数据3条。
Wed, 08 Mar 2017 20:51:02 ReadCSVToDB.py[line:80] INFO /home/duanyuping/Files/input/currency/FOREX/USDCNHpro1440.csv文件共有2056条数据，其中插入新数据3条。
Wed, 08 Mar 2017 20:51:05 UpData.py[line:222] INFO 记录最近的数据成功！
Sat, 11 Mar 2017 20:45:32 ReadCSVToDB.py[line:80] INFO /home/duanyuping/Files/input/currency/XM/USDCHF1440.csv文件共有2061条数据，其中插入新数据2061条。
Sat, 11 Mar 2017 20:45:57 ReadCSVToDB.py[line:80] INFO /home/duanyuping/Files/input/currency/XM/USDJPY1440.csv文件共有2067条数据，其中插入新数据2067条。
Sat, 11 Mar 2017 20:46:22 ReadCSVToDB.py[line:80] INFO /home/duanyuping/Files/input/currency/XM/EURCAD1440.csv文件共有2059条数据，其中插入新数据2059条。
Sat, 11 Mar 2017 20:46:48 ReadCSVToDB.py[line:80] INFO /home/duanyuping/Files/input/currency/XM/EURJPY1440.csv文件共有2061条数据，其中插入新数据2061条。
Sat, 11 Mar 2017 20:47:08 ReadCSVToDB.py[line:80] INFO /home/duanyuping/Files/input/currency/XM/USDCNH1440.csv文件共有1550条数据，其中插入新数据1550条。
Sat, 11 Mar 2017 20:47:34 ReadCSVToDB.py[line:80] INFO /home/duanyuping/Files/input/currency/XM/EURGBP1440.csv文件共有2061条数据，其中插入新数据2061条。
Sat, 11 Mar 2017 20:47:58 ReadCSVToDB.py[line:80] INFO /home/duanyuping/Files/input/currency/XM/EURCHF1440.csv文件共有2059条数据，其中插入新数据2059条。
Sat, 11 Mar 2017 20:48:23 ReadCSVToDB.py[line:80] INFO /home/duanyuping/Files/input/currency/XM/GBPUSD1440.csv文件共有2061条数据，其中插入新数据2061条。
Sat, 11 Mar 2017 20:48:50 ReadCSVToDB.py[line:80] INFO /home/duanyuping/Files/input/currency/XM/EURUSD1440.csv文件共有2069条数据，其中插入新数据2069条。
Sat, 11 Mar 2017 20:49:16 ReadCSVToDB.py[line:80] INFO /home/duanyuping/Files/input/currency/FXCM/EURUSD1440.csv文件共有2056条数据，其中插入新数据2056条。
Sat, 11 Mar 2017 20:49:41 ReadCSVToDB.py[line:80] INFO /home/duanyuping/Files/input/currency/FXCM/EURCHF1440.csv文件共有2055条数据，其中插入新数据2055条。
Sat, 11 Mar 2017 20:50:06 ReadCSVToDB.py[line:80] INFO /home/duanyuping/Files/input/currency/FXCM/EURJPY1440.csv文件共有2051条数据，其中插入新数据2051条。
Sat, 11 Mar 2017 20:50:33 ReadCSVToDB.py[line:80] INFO /home/duanyuping/Files/input/currency/FXCM/GBPUSD1440.csv文件共有2055条数据，其中插入新数据2055条。
Sat, 11 Mar 2017 20:50:58 ReadCSVToDB.py[line:80] INFO /home/duanyuping/Files/input/currency/FXCM/EURGBP1440.csv文件共有2055条数据，其中插入新数据2055条。
Sat, 11 Mar 2017 20:51:24 ReadCSVToDB.py[line:80] INFO /home/duanyuping/Files/input/currency/FXCM/USDJPY1440.csv文件共有2055条数据，其中插入新数据2055条。
Sat, 11 Mar 2017 20:51:49 ReadCSVToDB.py[line:80] INFO /home/duanyuping/Files/input/currency/FXCM/USDCHF1440.csv文件共有2055条数据，其中插入新数据2055条。
Sat, 11 Mar 2017 20:52:16 ReadCSVToDB.py[line:80] INFO /home/duanyuping/Files/input/currency/FXCM/EURCAD1440.csv文件共有2051条数据，其中插入新数据2051条。
Sat, 11 Mar 2017 20:52:41 ReadCSVToDB.py[line:80] INFO /home/duanyuping/Files/input/currency/FOREX/EURUSDpro1440.csv文件共有2057条数据，其中插入新数据2057条。
Sat, 11 Mar 2017 20:53:06 ReadCSVToDB.py[line:80] INFO /home/duanyuping/Files/input/currency/FOREX/EURJPYpro1440.csv文件共有2056条数据，其中插入新数据2056条。
Sat, 11 Mar 2017 20:53:31 ReadCSVToDB.py[line:80] INFO /home/duanyuping/Files/input/currency/FOREX/USDJPYpro1440.csv文件共有2056条数据，其中插入新数据2056条。
Sat, 11 Mar 2017 20:53:58 ReadCSVToDB.py[line:80] INFO /home/duanyuping/Files/input/currency/FOREX/USDCHFpro1440.csv文件共有2056条数据，其中插入新数据2056条。
Sat, 11 Mar 2017 20:54:23 ReadCSVToDB.py[line:80] INFO /home/duanyuping/Files/input/currency/FOREX/USDCNHpro1440.csv文件共有2056条数据，其中插入新数据2056条。
Sat, 11 Mar 2017 20:54:48 ReadCSVToDB.py[line:80] INFO /home/duanyuping/Files/input/currency/FOREX/EURGBPpro1440.csv文件共有2056条数据，其中插入新数据2056条。
Sat, 11 Mar 2017 20:55:14 ReadCSVToDB.py[line:80] INFO /home/duanyuping/Files/input/currency/FOREX/GBPUSDpro1440.csv文件共有2056条数据，其中插入新数据2056条。
Sat, 11 Mar 2017 20:55:41 ReadCSVToDB.py[line:80] INFO /home/duanyuping/Files/input/currency/FOREX/EURCADpro1440.csv文件共有2056条数据，其中插入新数据2056条。
Sat, 11 Mar 2017 20:56:06 ReadCSVToDB.py[line:80] INFO /home/duanyuping/Files/input/currency/FOREX/EURCHFpro1440.csv文件共有2056条数据，其中插入新数据2056条。
Sat, 11 Mar 2017 21:10:58 ReadCSVToDB.py[line:80] INFO /home/duanyuping/Files/input/currency/XM/EURGBP1440.csv文件共有2061条数据，其中插入新数据2061条。
Sat, 11 Mar 2017 21:11:24 ReadCSVToDB.py[line:80] INFO /home/duanyuping/Files/input/currency/XM/USDCHF1440.csv文件共有2061条数据，其中插入新数据2061条。
Sat, 11 Mar 2017 21:11:51 ReadCSVToDB.py[line:80] INFO /home/duanyuping/Files/input/currency/XM/EURJPY1440.csv文件共有2061条数据，其中插入新数据2061条。
Sat, 11 Mar 2017 21:12:16 ReadCSVToDB.py[line:80] INFO /home/duanyuping/Files/input/currency/XM/USDJPY1440.csv文件共有2067条数据，其中插入新数据2067条。
Sat, 11 Mar 2017 21:12:42 ReadCSVToDB.py[line:80] INFO /home/duanyuping/Files/input/currency/XM/EURUSD1440.csv文件共有2069条数据，其中插入新数据2069条。
Sat, 11 Mar 2017 21:13:08 ReadCSVToDB.py[line:80] INFO /home/duanyuping/Files/input/currency/XM/GBPUSD1440.csv文件共有2061条数据，其中插入新数据2061条。
Sat, 11 Mar 2017 21:13:34 ReadCSVToDB.py[line:80] INFO /home/duanyuping/Files/input/currency/XM/EURCAD1440.csv文件共有2059条数据，其中插入新数据2059条。
Sat, 11 Mar 2017 21:14:00 ReadCSVToDB.py[line:80] INFO /home/duanyuping/Files/input/currency/XM/EURCHF1440.csv文件共有2059条数据，其中插入新数据2059条。
Sat, 11 Mar 2017 21:14:20 ReadCSVToDB.py[line:80] INFO /home/duanyuping/Files/input/currency/XM/USDCNH1440.csv文件共有1550条数据，其中插入新数据1550条。
Sat, 11 Mar 2017 21:14:20 UpData.py[line:224] INFO 记录最近的数据成功！
Sat, 11 Mar 2017 21:16:00 ReadCSVToDB.py[line:80] INFO /home/duanyuping/Files/input/currency/XM/USDJPY1440.csv文件共有2067条数据，其中插入新数据0条。
Sat, 11 Mar 2017 21:16:01 ReadCSVToDB.py[line:80] INFO /home/duanyuping/Files/input/currency/XM/EURJPY1440.csv文件共有2061条数据，其中插入新数据0条。
Sat, 11 Mar 2017 21:16:01 ReadCSVToDB.py[line:80] INFO /home/duanyuping/Files/input/currency/XM/EURCHF1440.csv文件共有2059条数据，其中插入新数据0条。
Sat, 11 Mar 2017 21:16:01 ReadCSVToDB.py[line:80] INFO /home/duanyuping/Files/input/currency/XM/EURUSD1440.csv文件共有2069条数据，其中插入新数据0条。
Sat, 11 Mar 2017 21:16:01 ReadCSVToDB.py[line:80] INFO /home/duanyuping/Files/input/currency/XM/USDCNH1440.csv文件共有1550条数据，其中插入新数据0条。
Sat, 11 Mar 2017 21:16:02 ReadCSVToDB.py[line:80] INFO /home/duanyuping/Files/input/currency/XM/USDCHF1440.csv文件共有2061条数据，其中插入新数据0条。
Sat, 11 Mar 2017 21:16:02 ReadCSVToDB.py[line:80] INFO /home/duanyuping/Files/input/currency/XM/EURCAD1440.csv文件共有2059条数据，其中插入新数据0条。
Sat, 11 Mar 2017 21:16:02 ReadCSVToDB.py[line:80] INFO /home/duanyuping/Files/input/currency/XM/EURGBP1440.csv文件共有2061条数据，其中插入新数据0条。
Sat, 11 Mar 2017 21:16:03 ReadCSVToDB.py[line:80] INFO /home/duanyuping/Files/input/currency/XM/GBPUSD1440.csv文件共有2061条数据，其中插入新数据0条。
Sat, 11 Mar 2017 21:16:28 ReadCSVToDB.py[line:80] INFO /home/duanyuping/Files/input/currency/FXCM/EURUSD1440.csv文件共有2056条数据，其中插入新数据2056条。
Sat, 11 Mar 2017 21:16:55 ReadCSVToDB.py[line:80] INFO /home/duanyuping/Files/input/currency/FXCM/USDJPY1440.csv文件共有2055条数据，其中插入新数据2055条。
Sat, 11 Mar 2017 21:17:20 ReadCSVToDB.py[line:80] INFO /home/duanyuping/Files/input/currency/FXCM/USDCHF1440.csv文件共有2055条数据，其中插入新数据2055条。
Sat, 11 Mar 2017 21:17:46 ReadCSVToDB.py[line:80] INFO /home/duanyuping/Files/input/currency/FXCM/EURCAD1440.csv文件共有2051条数据，其中插入新数据2051条。
Sat, 11 Mar 2017 21:18:11 ReadCSVToDB.py[line:80] INFO /home/duanyuping/Files/input/currency/FXCM/EURJPY1440.csv文件共有2051条数据，其中插入新数据2051条。
Sat, 11 Mar 2017 21:18:38 ReadCSVToDB.py[line:80] INFO /home/duanyuping/Files/input/currency/FXCM/EURGBP1440.csv文件共有2055条数据，其中插入新数据2055条。
Sat, 11 Mar 2017 21:19:03 ReadCSVToDB.py[line:80] INFO /home/duanyuping/Files/input/currency/FXCM/EURCHF1440.csv文件共有2055条数据，其中插入新数据2055条。
Sat, 11 Mar 2017 21:19:29 ReadCSVToDB.py[line:80] INFO /home/duanyuping/Files/input/currency/FXCM/GBPUSD1440.csv文件共有2055条数据，其中插入新数据2055条。
Sat, 11 Mar 2017 21:19:54 ReadCSVToDB.py[line:80] INFO /home/duanyuping/Files/input/currency/FOREX/USDJPYpro1440.csv文件共有2056条数据，其中插入新数据2056条。
Sat, 11 Mar 2017 21:20:20 ReadCSVToDB.py[line:80] INFO /home/duanyuping/Files/input/currency/FOREX/EURCADpro1440.csv文件共有2056条数据，其中插入新数据2056条。
Sat, 11 Mar 2017 21:20:45 ReadCSVToDB.py[line:80] INFO /home/duanyuping/Files/input/currency/FOREX/USDCNHpro1440.csv文件共有2056条数据，其中插入新数据2056条。
Sat, 11 Mar 2017 21:21:14 ReadCSVToDB.py[line:80] INFO /home/duanyuping/Files/input/currency/FOREX/EURGBPpro1440.csv文件共有2056条数据，其中插入新数据2056条。
Sat, 11 Mar 2017 21:21:39 ReadCSVToDB.py[line:80] INFO /home/duanyuping/Files/input/currency/FOREX/USDCHFpro1440.csv文件共有2056条数据，其中插入新数据2056条。
Sat, 11 Mar 2017 21:22:05 ReadCSVToDB.py[line:80] INFO /home/duanyuping/Files/input/currency/FOREX/GBPUSDpro1440.csv文件共有2056条数据，其中插入新数据2056条。
Sat, 11 Mar 2017 21:22:30 ReadCSVToDB.py[line:80] INFO /home/duanyuping/Files/input/currency/FOREX/EURCHFpro1440.csv文件共有2056条数据，其中插入新数据2056条。
Sat, 11 Mar 2017 21:22:56 ReadCSVToDB.py[line:80] INFO /home/duanyuping/Files/input/currency/FOREX/EURJPYpro1440.csv文件共有2056条数据，其中插入新数据2056条。
Sat, 11 Mar 2017 21:23:22 ReadCSVToDB.py[line:80] INFO /home/duanyuping/Files/input/currency/FOREX/EURUSDpro1440.csv文件共有2057条数据，其中插入新数据2057条。
Sat, 11 Mar 2017 21:23:23 UpData.py[line:224] INFO 记录最近的数据成功！
Wed, 22 Mar 2017 15:34:31 MinData.py[line:64] INFO xm-eurcad-5min新增数据：1023
Wed, 22 Mar 2017 15:34:32 MinData.py[line:64] INFO xm-usdjpy-15min新增数据：1535
Wed, 22 Mar 2017 15:34:32 MinData.py[line:64] INFO xm-eurchf-15min新增数据：2047
Wed, 22 Mar 2017 15:34:33 MinData.py[line:64] INFO xm-gbpusd-5min新增数据：2047
Wed, 22 Mar 2017 15:34:33 MinData.py[line:64] INFO xm-eurgbp-5min新增数据：1023
Wed, 22 Mar 2017 15:34:34 MinData.py[line:64] INFO xm-gbpusd-15min新增数据：1535
Wed, 22 Mar 2017 15:34:34 MinData.py[line:64] INFO xm-eurjpy-15min新增数据：2047
Wed, 22 Mar 2017 15:34:35 MinData.py[line:64] INFO xm-usdchf-15min新增数据：2047
Wed, 22 Mar 2017 15:34:35 MinData.py[line:64] INFO xm-usdchf-5min新增数据：1535
Wed, 22 Mar 2017 15:34:36 MinData.py[line:64] INFO xm-eurchf-5min新增数据：2047
Wed, 22 Mar 2017 15:34:36 MinData.py[line:64] INFO xm-eurcad-15min新增数据：2047
Wed, 22 Mar 2017 15:34:37 MinData.py[line:64] INFO xm-usdcnh-15min新增数据：1535
Wed, 22 Mar 2017 15:34:37 MinData.py[line:64] INFO xm-eurjpy-5min新增数据：1535
Wed, 22 Mar 2017 15:34:38 MinData.py[line:64] INFO xm-eurgbp-15min新增数据：1535
Wed, 22 Mar 2017 15:34:38 MinData.py[line:64] INFO xm-eurcad-5min新增数据：1
Wed, 22 Mar 2017 15:34:39 MinData.py[line:64] INFO xm-usdcnh-5min新增数据：1023
Wed, 22 Mar 2017 15:34:39 MinData.py[line:64] INFO xm-eurusd-5min新增数据：2048
Wed, 22 Mar 2017 15:34:40 MinData.py[line:64] INFO xm-eurusd-15min新增数据：2047
Wed, 22 Mar 2017 15:34:40 MinData.py[line:64] INFO xm-usdjpy-5min新增数据：1535
Wed, 22 Mar 2017 15:34:41 MinData.py[line:64] INFO fxcm-eurusd-15min新增数据：511
Wed, 22 Mar 2017 15:34:41 MinData.py[line:64] INFO fxcm-eurcad-15min新增数据：511
Wed, 22 Mar 2017 15:34:42 MinData.py[line:64] INFO fxcm-usdjpy-5min新增数据：1535
Wed, 22 Mar 2017 15:34:43 MinData.py[line:64] INFO fxcm-eurgbp-15min新增数据：2047
Wed, 22 Mar 2017 15:34:43 MinData.py[line:64] INFO fxcm-eurchf-5min新增数据：2052
Wed, 22 Mar 2017 15:34:44 MinData.py[line:64] INFO fxcm-gbpusd-15min新增数据：1023
Wed, 22 Mar 2017 15:34:45 MinData.py[line:64] INFO fxcm-usdchf-15min新增数据：1023
Wed, 22 Mar 2017 15:34:45 MinData.py[line:64] INFO fxcm-eurcad-5min新增数据：511
Wed, 22 Mar 2017 15:34:46 MinData.py[line:64] INFO fxcm-usdjpy-15min新增数据：1535
Wed, 22 Mar 2017 15:34:46 MinData.py[line:64] INFO fxcm-eurchf-15min新增数据：511
Wed, 22 Mar 2017 15:34:47 MinData.py[line:64] INFO fxcm-eurgbp-5min新增数据：511
Wed, 22 Mar 2017 15:34:47 MinData.py[line:64] INFO fxcm-eurusd-5min新增数据：511
Wed, 22 Mar 2017 15:34:48 MinData.py[line:64] INFO fxcm-eurjpy-5min新增数据：2051
Wed, 22 Mar 2017 15:34:49 MinData.py[line:64] INFO fxcm-eurjpy-15min新增数据：511
Wed, 22 Mar 2017 15:34:49 MinData.py[line:64] INFO fxcm-gbpusd-5min新增数据：1535
Wed, 22 Mar 2017 15:34:50 MinData.py[line:64] INFO fxcm-usdchf-5min新增数据：1023
Wed, 22 Mar 2017 15:34:51 MinData.py[line:64] INFO forex-eurchf-15min新增数据：2047
Wed, 22 Mar 2017 15:34:51 MinData.py[line:64] INFO forex-eurusd-5min新增数据：511
Wed, 22 Mar 2017 15:34:52 MinData.py[line:64] INFO forex-usdcnh-15min新增数据：511
Wed, 22 Mar 2017 15:34:53 MinData.py[line:64] INFO forex-eurcad-5min新增数据：511
Wed, 22 Mar 2017 15:34:53 MinData.py[line:64] INFO forex-usdjpy-15min新增数据：511
Wed, 22 Mar 2017 15:34:54 MinData.py[line:64] INFO forex-usdchf-15min新增数据：1023
Wed, 22 Mar 2017 15:34:55 MinData.py[line:64] INFO forex-eurjpy-15min新增数据：1535
Wed, 22 Mar 2017 15:34:55 MinData.py[line:64] INFO forex-gbpusd-5min新增数据：1023
Wed, 22 Mar 2017 15:34:56 MinData.py[line:64] INFO forex-eurgbp-15min新增数据：1535
Wed, 22 Mar 2017 15:34:57 MinData.py[line:64] INFO forex-usdjpy-5min新增数据：2047
Wed, 22 Mar 2017 15:34:58 MinData.py[line:64] INFO forex-eurcad-15min新增数据：1535
Wed, 22 Mar 2017 15:34:58 MinData.py[line:64] INFO forex-gbpusd-15min新增数据：511
Wed, 22 Mar 2017 15:34:59 MinData.py[line:64] INFO forex-eurgbp-5min新增数据：1023
Wed, 22 Mar 2017 15:35:00 MinData.py[line:64] INFO forex-usdcnh-5min新增数据：2048
Wed, 22 Mar 2017 15:35:01 MinData.py[line:64] INFO forex-usdchf-5min新增数据：2047
Wed, 22 Mar 2017 15:35:02 MinData.py[line:64] INFO forex-eurchf-5min新增数据：2048
Wed, 22 Mar 2017 15:35:03 MinData.py[line:64] INFO forex-eurusd-15min新增数据：1535
Wed, 22 Mar 2017 15:35:04 MinData.py[line:64] INFO forex-eurjpy-5min新增数据：1023

Wed, 22 Mar 2017 21:53:47 MinData.py[line:76] INFO fxcm-eurgbp-15min新增数据：190
Wed, 22 Mar 2017 21:53:47 MinData.py[line:76] INFO fxcm-eurgbp-5min新增数据：1
Wed, 22 Mar 2017 21:53:48 MinData.py[line:76] INFO fxcm-usdchf-15min新增数据：190
Wed, 22 Mar 2017 21:53:49 MinData.py[line:76] INFO fxcm-eurchf-5min新增数据：570
Wed, 22 Mar 2017 21:53:50 MinData.py[line:76] INFO fxcm-usdjpy-5min新增数据：2
Wed, 22 Mar 2017 21:53:51 MinData.py[line:76] INFO fxcm-usdjpy-15min新增数据：190
Wed, 22 Mar 2017 21:53:52 MinData.py[line:76] INFO fxcm-eurusd-15min新增数据：190
Wed, 22 Mar 2017 21:53:52 MinData.py[line:76] INFO fxcm-eurchf-15min新增数据：190
Wed, 22 Mar 2017 21:53:53 MinData.py[line:76] INFO fxcm-eurcad-15min新增数据：190
Wed, 22 Mar 2017 21:53:54 MinData.py[line:76] INFO fxcm-eurjpy-15min新增数据：190
Wed, 22 Mar 2017 21:53:55 MinData.py[line:76] INFO fxcm-usdchf-5min新增数据：570
Wed, 22 Mar 2017 21:53:56 MinData.py[line:76] INFO fxcm-eurusd-5min新增数据：513
Wed, 22 Mar 2017 21:53:57 MinData.py[line:76] INFO fxcm-eurcad-5min新增数据：570
Wed, 22 Mar 2017 21:53:58 MinData.py[line:76] INFO fxcm-eurjpy-5min新增数据：7
Wed, 22 Mar 2017 21:53:59 MinData.py[line:76] INFO fxcm-gbpusd-5min新增数据：2
Wed, 22 Mar 2017 21:54:00 MinData.py[line:76] INFO fxcm-gbpusd-15min新增数据：190
Wed, 22 Mar 2017 21:54:01 MinData.py[line:76] INFO forex-eurgbp-5min新增数据：574
Wed, 22 Mar 2017 21:54:01 MinData.py[line:76] INFO forex-eurchf-15min新增数据：191
Wed, 22 Mar 2017 21:54:02 MinData.py[line:76] INFO forex-usdchf-15min新增数据：191
Wed, 22 Mar 2017 21:54:03 MinData.py[line:76] INFO forex-eurcad-15min新增数据：192
Wed, 22 Mar 2017 21:54:04 MinData.py[line:76] INFO forex-eurjpy-5min新增数据：2
Wed, 22 Mar 2017 21:54:05 MinData.py[line:76] INFO forex-usdcnh-15min新增数据：185
Wed, 22 Mar 2017 21:54:06 MinData.py[line:76] INFO forex-eurchf-5min新增数据：3
Wed, 22 Mar 2017 21:54:07 MinData.py[line:76] INFO forex-eurusd-5min新增数据：574
Wed, 22 Mar 2017 21:54:08 MinData.py[line:76] INFO forex-usdcnh-5min新增数据：515
Wed, 22 Mar 2017 21:54:08 MinData.py[line:76] INFO forex-gbpusd-15min新增数据：2
Wed, 22 Mar 2017 21:54:09 MinData.py[line:76] INFO forex-usdjpy-5min新增数据：2
Wed, 22 Mar 2017 21:54:10 MinData.py[line:76] INFO forex-usdchf-5min新增数据：1
Wed, 22 Mar 2017 21:54:11 MinData.py[line:76] INFO forex-eurcad-5min新增数据：574
Wed, 22 Mar 2017 21:54:12 MinData.py[line:76] INFO forex-eurusd-15min新增数据：1
Wed, 22 Mar 2017 21:54:13 MinData.py[line:76] INFO forex-gbpusd-5min新增数据：574
Wed, 22 Mar 2017 21:54:14 MinData.py[line:76] INFO forex-usdjpy-15min新增数据：2
Wed, 22 Mar 2017 21:54:15 MinData.py[line:76] INFO forex-eurjpy-15min新增数据：192
Wed, 22 Mar 2017 21:54:15 MinData.py[line:76] INFO forex-eurgbp-15min新增数据：2
Wed, 22 Mar 2017 21:54:16 MinData.py[line:76] INFO xm-usdchf-15min新增数据：190
Wed, 22 Mar 2017 21:54:17 MinData.py[line:76] INFO xm-usdcnh-15min新增数据：190
Wed, 22 Mar 2017 21:54:18 MinData.py[line:76] INFO xm-eurcad-5min新增数据：0
Wed, 22 Mar 2017 21:54:19 MinData.py[line:76] INFO xm-eurgbp-5min新增数据：0
Wed, 22 Mar 2017 21:54:20 MinData.py[line:76] INFO xm-usdjpy-15min新增数据：1
Wed, 22 Mar 2017 21:54:21 MinData.py[line:76] INFO xm-eurusd-15min新增数据：190
Wed, 22 Mar 2017 21:54:22 MinData.py[line:76] INFO xm-usdcnh-5min新增数据：567
Wed, 22 Mar 2017 21:54:22 MinData.py[line:76] INFO xm-eurcad-15min新增数据：190
Wed, 22 Mar 2017 21:54:23 MinData.py[line:76] INFO xm-gbpusd-15min新增数据：1
Wed, 22 Mar 2017 21:54:24 MinData.py[line:76] INFO xm-usdchf-5min新增数据：571
Wed, 22 Mar 2017 21:54:25 MinData.py[line:76] INFO xm-eurjpy-15min新增数据：190
Wed, 22 Mar 2017 21:54:26 MinData.py[line:76] INFO xm-eurusd-5min新增数据：571
Wed, 22 Mar 2017 21:54:27 MinData.py[line:76] INFO xm-gbpusd-5min新增数据：571
Wed, 22 Mar 2017 21:54:28 MinData.py[line:76] INFO xm-usdjpy-5min新增数据：2
Wed, 22 Mar 2017 21:54:29 MinData.py[line:76] INFO xm-eurchf-15min新增数据：1
Wed, 22 Mar 2017 21:54:30 MinData.py[line:76] INFO xm-eurchf-5min新增数据：571
Wed, 22 Mar 2017 21:54:31 MinData.py[line:76] INFO xm-eurgbp-15min新增数据：190
Wed, 22 Mar 2017 21:54:32 MinData.py[line:76] INFO xm-eurjpy-5min新增数据：1
Sun, 26 Mar 2017 10:39:01 MinData.py[line:78] INFO forex-usdcnh-15min新增数据：0
Sun, 26 Mar 2017 10:39:02 MinData.py[line:78] INFO forex-eurusd-day新增数据：2065
Sun, 26 Mar 2017 10:39:03 MinData.py[line:78] INFO forex-eurjpy-5min新增数据：0
Sun, 26 Mar 2017 10:39:03 MinData.py[line:78] INFO forex-gbpusd-day新增数据：2064
Sun, 26 Mar 2017 10:39:04 MinData.py[line:78] INFO forex-usdjpy-15min新增数据：0
Sun, 26 Mar 2017 10:39:05 MinData.py[line:78] INFO forex-eurcad-15min新增数据：0
Sun, 26 Mar 2017 10:39:06 MinData.py[line:78] INFO forex-eurgbp-5min新增数据：0
Sun, 26 Mar 2017 10:39:07 MinData.py[line:78] INFO forex-gbpusd-5min新增数据：0
Sun, 26 Mar 2017 10:39:07 MinData.py[line:78] INFO forex-eurgbp-15min新增数据：0
Sun, 26 Mar 2017 10:39:08 MinData.py[line:78] INFO forex-eurchf-15min新增数据：0
Sun, 26 Mar 2017 10:39:09 MinData.py[line:78] INFO forex-eurcad-5min新增数据：0
Sun, 26 Mar 2017 10:39:10 MinData.py[line:78] INFO forex-eurchf-5min新增数据：0
Sun, 26 Mar 2017 10:39:10 MinData.py[line:78] INFO forex-usdjpy-day新增数据：2064
Sun, 26 Mar 2017 10:39:11 MinData.py[line:78] INFO forex-gbpusd-15min新增数据：0
Sun, 26 Mar 2017 10:39:12 MinData.py[line:78] INFO forex-usdcnh-5min新增数据：0
Sun, 26 Mar 2017 10:39:13 MinData.py[line:78] INFO forex-eurusd-15min新增数据：0
Sun, 26 Mar 2017 10:39:13 MinData.py[line:78] INFO forex-usdjpy-5min新增数据：0
Sun, 26 Mar 2017 10:39:14 MinData.py[line:78] INFO forex-eurchf-day新增数据：2064
Sun, 26 Mar 2017 10:39:15 MinData.py[line:78] INFO forex-usdcnh-day新增数据：2064
Sun, 26 Mar 2017 10:39:16 MinData.py[line:78] INFO forex-usdchf-day新增数据：2064
Sun, 26 Mar 2017 10:39:16 MinData.py[line:78] INFO forex-eurcad-day新增数据：2064
Sun, 26 Mar 2017 10:39:17 MinData.py[line:78] INFO forex-eurjpy-15min新增数据：0
Sun, 26 Mar 2017 10:39:18 MinData.py[line:78] INFO forex-eurgbp-day新增数据：2064
Sun, 26 Mar 2017 10:39:19 MinData.py[line:78] INFO forex-usdchf-5min新增数据：0
Sun, 26 Mar 2017 10:39:19 MinData.py[line:78] INFO forex-eurjpy-day新增数据：2064
Sun, 26 Mar 2017 10:39:20 MinData.py[line:78] INFO forex-eurusd-5min新增数据：0
Sun, 26 Mar 2017 10:39:21 MinData.py[line:78] INFO forex-usdchf-15min新增数据：0
Sun, 26 Mar 2017 10:39:22 MinData.py[line:78] INFO fxcm-usdchf-15min新增数据：0
Sun, 26 Mar 2017 10:39:23 MinData.py[line:78] INFO fxcm-eurjpy-5min新增数据：0
Sun, 26 Mar 2017 10:39:23 MinData.py[line:78] INFO fxcm-usdchf-5min新增数据：0
Sun, 26 Mar 2017 10:39:24 MinData.py[line:78] INFO fxcm-usdjpy-5min新增数据：0
Sun, 26 Mar 2017 10:39:25 MinData.py[line:78] INFO fxcm-usdchf-day新增数据：2061
Sun, 26 Mar 2017 10:39:26 MinData.py[line:78] INFO fxcm-eurjpy-15min新增数据：0
Sun, 26 Mar 2017 10:39:26 MinData.py[line:78] INFO fxcm-usdjpy-15min新增数据：0
Sun, 26 Mar 2017 10:39:28 MinData.py[line:78] INFO fxcm-gbpusd-15min新增数据：0
Sun, 26 Mar 2017 10:39:28 MinData.py[line:78] INFO fxcm-eurchf-day新增数据：2061
Sun, 26 Mar 2017 10:39:29 MinData.py[line:78] INFO fxcm-eurusd-5min新增数据：0
Sun, 26 Mar 2017 10:39:30 MinData.py[line:78] INFO fxcm-eurgbp-15min新增数据：0
Sun, 26 Mar 2017 10:39:31 MinData.py[line:78] INFO fxcm-eurcad-15min新增数据：0
Sun, 26 Mar 2017 10:39:32 MinData.py[line:78] INFO fxcm-eurcad-day新增数据：2057
Sun, 26 Mar 2017 10:39:32 MinData.py[line:78] INFO fxcm-eurjpy-day新增数据：2057
Sun, 26 Mar 2017 10:39:33 MinData.py[line:78] INFO fxcm-eurusd-15min新增数据：0
Sun, 26 Mar 2017 10:39:34 MinData.py[line:78] INFO fxcm-eurchf-15min新增数据：0
Sun, 26 Mar 2017 10:39:35 MinData.py[line:78] INFO fxcm-eurcad-5min新增数据：0
Sun, 26 Mar 2017 10:39:35 MinData.py[line:78] INFO fxcm-eurgbp-day新增数据：2061
Sun, 26 Mar 2017 10:39:36 MinData.py[line:78] INFO fxcm-eurusd-day新增数据：2062
Sun, 26 Mar 2017 10:39:37 MinData.py[line:78] INFO fxcm-gbpusd-day新增数据：2061
Sun, 26 Mar 2017 10:39:38 MinData.py[line:78] INFO fxcm-eurchf-5min新增数据：0
Sun, 26 Mar 2017 10:39:39 MinData.py[line:78] INFO fxcm-eurgbp-5min新增数据：0
Sun, 26 Mar 2017 10:39:39 MinData.py[line:78] INFO fxcm-usdjpy-day新增数据：2061
Sun, 26 Mar 2017 10:39:40 MinData.py[line:78] INFO fxcm-gbpusd-5min新增数据：0
Sun, 26 Mar 2017 10:39:41 MinData.py[line:78] INFO xm-eurcad-day新增数据：2068
Sun, 26 Mar 2017 10:39:42 MinData.py[line:78] INFO xm-gbpusd-15min新增数据：0
Sun, 26 Mar 2017 10:39:42 MinData.py[line:78] INFO xm-usdjpy-5min新增数据：0
Sun, 26 Mar 2017 10:39:43 MinData.py[line:78] INFO xm-usdjpy-15min新增数据：0
Sun, 26 Mar 2017 10:39:44 MinData.py[line:78] INFO xm-eurchf-day新增数据：2068
Sun, 26 Mar 2017 10:39:45 MinData.py[line:78] INFO xm-gbpusd-day新增数据：2068
Sun, 26 Mar 2017 10:39:45 MinData.py[line:78] INFO xm-usdjpy-day新增数据：2076
Sun, 26 Mar 2017 10:39:46 MinData.py[line:78] INFO xm-eurgbp-15min新增数据：0
Sun, 26 Mar 2017 10:39:47 MinData.py[line:78] INFO xm-gbpusd-5min新增数据：0
Sun, 26 Mar 2017 10:39:48 MinData.py[line:78] INFO xm-usdchf-15min新增数据：0
Sun, 26 Mar 2017 10:39:48 MinData.py[line:78] INFO xm-eurjpy-day新增数据：2068
Sun, 26 Mar 2017 10:39:49 MinData.py[line:78] INFO xm-usdcnh-15min新增数据：0
Sun, 26 Mar 2017 10:39:50 MinData.py[line:78] INFO xm-eurchf-15min新增数据：0
Sun, 26 Mar 2017 10:39:51 MinData.py[line:78] INFO xm-eurgbp-5min新增数据：0
Sun, 26 Mar 2017 10:39:51 MinData.py[line:78] INFO xm-eurjpy-15min新增数据：0
Sun, 26 Mar 2017 10:39:52 MinData.py[line:78] INFO xm-usdchf-5min新增数据：0
Sun, 26 Mar 2017 10:39:53 MinData.py[line:78] INFO xm-eurusd-day新增数据：2076
Sun, 26 Mar 2017 10:39:54 MinData.py[line:78] INFO xm-eurusd-5min新增数据：0
Sun, 26 Mar 2017 10:39:55 MinData.py[line:78] INFO xm-eurcad-15min新增数据：0
Sun, 26 Mar 2017 10:39:56 MinData.py[line:78] INFO xm-usdcnh-day新增数据：1559
Sun, 26 Mar 2017 10:39:56 MinData.py[line:78] INFO xm-eurcad-5min新增数据：0
Sun, 26 Mar 2017 10:39:57 MinData.py[line:78] INFO xm-eurjpy-5min新增数据：0
Sun, 26 Mar 2017 10:39:58 MinData.py[line:78] INFO xm-usdchf-day新增数据：2068
Sun, 26 Mar 2017 10:39:59 MinData.py[line:78] INFO xm-eurusd-15min新增数据：0
Sun, 26 Mar 2017 10:39:59 MinData.py[line:78] INFO xm-eurgbp-day新增数据：2068
Sun, 26 Mar 2017 10:40:00 MinData.py[line:78] INFO xm-usdcnh-5min新增数据：0
Sun, 26 Mar 2017 10:40:01 MinData.py[line:78] INFO xm-eurchf-5min新增数据：0
Sun, 26 Mar 2017 11:25:29 MinData.py[line:80] INFO fxcm-eurchf-5min新增数据：512
Sun, 26 Mar 2017 11:25:31 MinData.py[line:80] INFO fxcm-eurusd-day新增数据：5
Sun, 26 Mar 2017 11:25:32 MinData.py[line:80] INFO fxcm-gbpusd-5min新增数据：1081
Sun, 26 Mar 2017 11:25:33 MinData.py[line:80] INFO fxcm-eurusd-15min新增数据：222
Sun, 26 Mar 2017 11:25:35 MinData.py[line:80] INFO fxcm-eurcad-day新增数据：5
Sun, 26 Mar 2017 11:25:36 MinData.py[line:80] INFO fxcm-eurgbp-day新增数据：5
Sun, 26 Mar 2017 11:25:37 MinData.py[line:80] INFO fxcm-eurchf-15min新增数据：222
Sun, 26 Mar 2017 11:25:39 MinData.py[line:80] INFO fxcm-eurjpy-15min新增数据：222
Sun, 26 Mar 2017 11:25:40 MinData.py[line:80] INFO fxcm-usdchf-5min新增数据：667
Sun, 26 Mar 2017 11:25:41 MinData.py[line:80] INFO fxcm-usdjpy-5min新增数据：666
Sun, 26 Mar 2017 11:25:43 MinData.py[line:80] INFO fxcm-eurcad-5min新增数据：666
Sun, 26 Mar 2017 11:25:44 MinData.py[line:80] INFO fxcm-eurgbp-5min新增数据：665
Sun, 26 Mar 2017 11:25:46 MinData.py[line:80] INFO fxcm-eurcad-15min新增数据：222
Sun, 26 Mar 2017 11:25:47 MinData.py[line:80] INFO fxcm-eurchf-day新增数据：5
Sun, 26 Mar 2017 11:25:48 MinData.py[line:80] INFO fxcm-gbpusd-day新增数据：5
Sun, 26 Mar 2017 11:25:50 MinData.py[line:80] INFO fxcm-usdjpy-15min新增数据：222
Sun, 26 Mar 2017 11:25:51 MinData.py[line:80] INFO fxcm-eurusd-5min新增数据：666
Sun, 26 Mar 2017 11:25:53 MinData.py[line:80] INFO fxcm-eurjpy-day新增数据：5
Sun, 26 Mar 2017 11:25:54 MinData.py[line:80] INFO fxcm-gbpusd-15min新增数据：222
Sun, 26 Mar 2017 11:25:55 MinData.py[line:80] INFO fxcm-eurjpy-5min新增数据：512
Sun, 26 Mar 2017 11:25:57 MinData.py[line:80] INFO fxcm-usdjpy-day新增数据：5
Sun, 26 Mar 2017 11:25:58 MinData.py[line:80] INFO fxcm-usdchf-15min新增数据：222
Sun, 26 Mar 2017 11:26:00 MinData.py[line:80] INFO fxcm-eurgbp-15min新增数据：222
Sun, 26 Mar 2017 11:26:01 MinData.py[line:80] INFO fxcm-usdchf-day新增数据：5
Sun, 26 Mar 2017 11:26:03 MinData.py[line:80] INFO xm-eurchf-day新增数据：6
Sun, 26 Mar 2017 11:26:04 MinData.py[line:80] INFO xm-usdjpy-5min新增数据：664
Sun, 26 Mar 2017 11:26:06 MinData.py[line:80] INFO xm-gbpusd-15min新增数据：221
Sun, 26 Mar 2017 11:26:07 MinData.py[line:80] INFO xm-eurjpy-15min新增数据：221
Sun, 26 Mar 2017 11:26:08 MinData.py[line:80] INFO xm-usdjpy-day新增数据：6
Sun, 26 Mar 2017 11:26:10 MinData.py[line:80] INFO xm-gbpusd-5min新增数据：664
Sun, 26 Mar 2017 11:26:12 MinData.py[line:80] INFO xm-usdchf-15min新增数据：221
Sun, 26 Mar 2017 11:26:13 MinData.py[line:80] INFO xm-usdjpy-15min新增数据：221
Sun, 26 Mar 2017 11:26:14 MinData.py[line:80] INFO xm-usdchf-day新增数据：6
Sun, 26 Mar 2017 11:26:16 MinData.py[line:80] INFO xm-eurchf-5min新增数据：664
Sun, 26 Mar 2017 11:26:17 MinData.py[line:80] INFO xm-usdcnh-15min新增数据：221
Sun, 26 Mar 2017 11:26:19 MinData.py[line:80] INFO xm-eurusd-day新增数据：6
Sun, 26 Mar 2017 11:26:20 MinData.py[line:80] INFO xm-eurgbp-day新增数据：6
Sun, 26 Mar 2017 11:26:22 MinData.py[line:80] INFO xm-usdcnh-5min新增数据：662
Sun, 26 Mar 2017 11:26:23 MinData.py[line:80] INFO xm-usdchf-5min新增数据：664
Sun, 26 Mar 2017 11:26:25 MinData.py[line:80] INFO xm-eurjpy-5min新增数据：664
Sun, 26 Mar 2017 11:26:26 MinData.py[line:80] INFO xm-eurcad-day新增数据：6
Sun, 26 Mar 2017 11:26:27 MinData.py[line:80] INFO xm-gbpusd-day新增数据：6
Sun, 26 Mar 2017 11:26:29 MinData.py[line:80] INFO xm-eurusd-15min新增数据：221
Sun, 26 Mar 2017 11:26:30 MinData.py[line:80] INFO xm-eurjpy-day新增数据：6
Sun, 26 Mar 2017 11:26:32 MinData.py[line:80] INFO xm-eurchf-15min新增数据：221
Sun, 26 Mar 2017 11:26:33 MinData.py[line:80] INFO xm-eurgbp-5min新增数据：1234
Sun, 26 Mar 2017 11:26:35 MinData.py[line:80] INFO xm-eurusd-5min新增数据：664
Sun, 26 Mar 2017 11:26:36 MinData.py[line:80] INFO xm-eurgbp-15min新增数据：221
Sun, 26 Mar 2017 11:26:38 MinData.py[line:80] INFO xm-eurcad-15min新增数据：221
Sun, 26 Mar 2017 11:26:39 MinData.py[line:80] INFO xm-usdcnh-day新增数据：6
Sun, 26 Mar 2017 11:26:41 MinData.py[line:80] INFO xm-eurcad-5min新增数据：0
Sun, 26 Mar 2017 11:26:42 MinData.py[line:80] INFO forex-eurcad-day新增数据：6
Sun, 26 Mar 2017 11:26:44 MinData.py[line:80] INFO forex-eurjpy-15min新增数据：221
Sun, 26 Mar 2017 11:26:45 MinData.py[line:80] INFO forex-eurgbp-5min新增数据：665
Sun, 26 Mar 2017 11:26:47 MinData.py[line:80] INFO forex-usdjpy-15min新增数据：221
Sun, 26 Mar 2017 11:26:48 MinData.py[line:80] INFO forex-eurcad-5min新增数据：513
Sun, 26 Mar 2017 11:26:50 MinData.py[line:80] INFO forex-usdchf-15min新增数据：221
Sun, 26 Mar 2017 11:26:51 MinData.py[line:80] INFO forex-eurusd-day新增数据：6
Sun, 26 Mar 2017 11:26:53 MinData.py[line:80] INFO forex-gbpusd-15min新增数据：221
Sun, 26 Mar 2017 11:26:54 MinData.py[line:80] INFO forex-usdcnh-5min新增数据：644
Sun, 26 Mar 2017 11:26:56 MinData.py[line:80] INFO forex-usdjpy-day新增数据：6
Sun, 26 Mar 2017 11:26:57 MinData.py[line:80] INFO forex-eurchf-15min新增数据：222
Sun, 26 Mar 2017 11:26:59 MinData.py[line:80] INFO forex-eurcad-15min新增数据：221
Sun, 26 Mar 2017 11:27:00 MinData.py[line:80] INFO forex-gbpusd-day新增数据：6
Sun, 26 Mar 2017 11:27:01 MinData.py[line:80] INFO forex-eurchf-day新增数据：6
Sun, 26 Mar 2017 11:27:03 MinData.py[line:80] INFO forex-gbpusd-5min新增数据：665
Sun, 26 Mar 2017 11:27:05 MinData.py[line:80] INFO forex-eurusd-5min新增数据：665
Sun, 26 Mar 2017 11:27:06 MinData.py[line:80] INFO forex-eurusd-15min新增数据：221
Sun, 26 Mar 2017 11:27:08 MinData.py[line:80] INFO forex-eurchf-5min新增数据：666
Sun, 26 Mar 2017 11:27:10 MinData.py[line:80] INFO forex-usdjpy-5min新增数据：512
Sun, 26 Mar 2017 11:27:11 MinData.py[line:80] INFO forex-eurjpy-day新增数据：6
Sun, 26 Mar 2017 11:27:13 MinData.py[line:80] INFO forex-usdcnh-15min新增数据：222
Sun, 26 Mar 2017 11:27:15 MinData.py[line:80] INFO forex-eurjpy-5min新增数据：665
Sun, 26 Mar 2017 11:27:16 MinData.py[line:80] INFO forex-usdchf-day新增数据：6
Sun, 26 Mar 2017 11:27:18 MinData.py[line:80] INFO forex-eurgbp-day新增数据：6
Sun, 26 Mar 2017 11:27:19 MinData.py[line:80] INFO forex-usdchf-5min新增数据：512
Sun, 26 Mar 2017 11:27:21 MinData.py[line:80] INFO forex-eurgbp-15min新增数据：221
Sun, 26 Mar 2017 11:27:23 MinData.py[line:80] INFO forex-usdcnh-day新增数据：6
